<?xml version="1.0" encoding="UTF-8"?>
<!-- Generated by org.testng.reporters.JUnitXMLReporter -->
<testsuite ignored="0" hostname="DESKTOP-RG3Q5CD" failures="0" tests="1" name="Chrome" time="29.749" errors="0" timestamp="05 Nov 2022 08:34:16 GMT">
  <testcase classname="com.bjs.testngdemo.CrossBrowserDemo" name="@BeforeMethod beforemethod" time="29.215">
    <failure type="org.openqa.selenium.SessionNotCreatedException" message="session not created: This version of ChromeDriver only supports Chrome version 105
Current browser version is 107.0.5304.88 with binary path C:\Program Files (x86)\Google\Chrome\Application\chrome.exe
Build info: version: &amp;apos;3.141.59&amp;apos;, revision: &amp;apos;e82be7d358&amp;apos;, time: &amp;apos;2018-11-14T08:25:53&amp;apos;
System info: host: &amp;apos;DESKTOP-RG3Q5CD&amp;apos;, ip: &amp;apos;192.168.0.101&amp;apos;, os.name: &amp;apos;Windows 10&amp;apos;, os.arch: &amp;apos;amd64&amp;apos;, os.version: &amp;apos;10.0&amp;apos;, java.version: &amp;apos;15.0.1&amp;apos;
Driver info: driver.version: ChromeDriver
remote stacktrace: Backtrace:
	Ordinal0 [0x0025DF13+2219795]
	Ordinal0 [0x001F2841+1779777]
	Ordinal0 [0x0010423D+803389]
	Ordinal0 [0x001264AC+943276]
	Ordinal0 [0x001219F0+924144]
	Ordinal0 [0x0011F179+913785]
	Ordinal0 [0x001536B9+1128121]
	Ordinal0 [0x0015331A+1127194]
	Ordinal0 [0x0014E616+1107478]
	Ordinal0 [0x00127F89+950153]
	Ordinal0 [0x00128F56+954198]
	GetHandleVerifier [0x00552CB2+3040210]
	GetHandleVerifier [0x00542BB4+2974420]
	GetHandleVerifier [0x002F6A0A+565546]
	GetHandleVerifier [0x002F5680+560544]
	Ordinal0 [0x001F9A5C+1808988]
	Ordinal0 [0x001FE3A8+1827752]
	Ordinal0 [0x001FE495+1827989]
	Ordinal0 [0x002080A4+1867940]
	BaseThreadInitThunk [0x75A7FA29+25]
	RtlGetAppContainerNamedObjectPath [0x77617BBE+286]
	RtlGetAppContainerNamedObjectPath [0x77617B8E+238]
	(No symbol) [0x00000000]
">
      <![CDATA[org.openqa.selenium.SessionNotCreatedException: session not created: This version of ChromeDriver only supports Chrome version 105
Current browser version is 107.0.5304.88 with binary path C:\Program Files (x86)\Google\Chrome\Application\chrome.exe
Build info: version: '3.141.59', revision: 'e82be7d358', time: '2018-11-14T08:25:53'
System info: host: 'DESKTOP-RG3Q5CD', ip: '192.168.0.101', os.name: 'Windows 10', os.arch: 'amd64', os.version: '10.0', java.version: '15.0.1'
Driver info: driver.version: ChromeDriver
remote stacktrace: Backtrace:
Ordinal0 [0x0025DF13+2219795]
Ordinal0 [0x001F2841+1779777]
Ordinal0 [0x0010423D+803389]
Ordinal0 [0x001264AC+943276]
Ordinal0 [0x001219F0+924144]
Ordinal0 [0x0011F179+913785]
Ordinal0 [0x001536B9+1128121]
Ordinal0 [0x0015331A+1127194]
Ordinal0 [0x0014E616+1107478]
Ordinal0 [0x00127F89+950153]
Ordinal0 [0x00128F56+954198]
GetHandleVerifier [0x00552CB2+3040210]
GetHandleVerifier [0x00542BB4+2974420]
GetHandleVerifier [0x002F6A0A+565546]
GetHandleVerifier [0x002F5680+560544]
Ordinal0 [0x001F9A5C+1808988]
Ordinal0 [0x001FE3A8+1827752]
Ordinal0 [0x001FE495+1827989]
Ordinal0 [0x002080A4+1867940]
BaseThreadInitThunk [0x75A7FA29+25]
RtlGetAppContainerNamedObjectPath [0x77617BBE+286]
RtlGetAppContainerNamedObjectPath [0x77617B8E+238]
(No symbol) [0x00000000]

at org.openqa.selenium.remote.W3CHandshakeResponse.lambda$errorHandler$0(W3CHandshakeResponse.java:62)
at org.openqa.selenium.remote.HandshakeResponse.lambda$getResponseFunction$0(HandshakeResponse.java:30)
at org.openqa.selenium.remote.ProtocolHandshake.lambda$createSession$0(ProtocolHandshake.java:126)
at java.base/java.util.stream.ReferencePipeline$3$1.accept(ReferencePipeline.java:195)
at java.base/java.util.Spliterators$ArraySpliterator.tryAdvance(Spliterators.java:958)
at java.base/java.util.stream.ReferencePipeline.forEachWithCancel(ReferencePipeline.java:127)
at java.base/java.util.stream.AbstractPipeline.copyIntoWithCancel(AbstractPipeline.java:502)
at java.base/java.util.stream.AbstractPipeline.copyInto(AbstractPipeline.java:488)
at java.base/java.util.stream.AbstractPipeline.wrapAndCopyInto(AbstractPipeline.java:474)
at java.base/java.util.stream.FindOps$FindOp.evaluateSequential(FindOps.java:150)
at java.base/java.util.stream.AbstractPipeline.evaluate(AbstractPipeline.java:234)
at java.base/java.util.stream.ReferencePipeline.findFirst(ReferencePipeline.java:543)
at org.openqa.selenium.remote.ProtocolHandshake.createSession(ProtocolHandshake.java:128)
at org.openqa.selenium.remote.ProtocolHandshake.createSession(ProtocolHandshake.java:74)
at org.openqa.selenium.remote.HttpCommandExecutor.execute(HttpCommandExecutor.java:136)
at org.openqa.selenium.remote.service.DriverCommandExecutor.execute(DriverCommandExecutor.java:83)
at org.openqa.selenium.remote.RemoteWebDriver.execute(RemoteWebDriver.java:552)
at org.openqa.selenium.remote.RemoteWebDriver.startSession(RemoteWebDriver.java:213)
at org.openqa.selenium.remote.RemoteWebDriver.<init>(RemoteWebDriver.java:131)
at org.openqa.selenium.chrome.ChromeDriver.<init>(ChromeDriver.java:181)
at org.openqa.selenium.chrome.ChromeDriver.<init>(ChromeDriver.java:168)
at org.openqa.selenium.chrome.ChromeDriver.<init>(ChromeDriver.java:123)
at com.bjs.testngdemo.CrossBrowserDemo.beforemethod(CrossBrowserDemo.java:19)
at java.base/java.util.concurrent.FutureTask.run(FutureTask.java:264)
at java.base/java.util.concurrent.ThreadPoolExecutor.runWorker(ThreadPoolExecutor.java:1130)
at java.base/java.util.concurrent.ThreadPoolExecutor$Worker.run(ThreadPoolExecutor.java:630)
at java.base/java.lang.Thread.run(Thread.java:832)
... Removed 24 stack frames]]>
    </failure>
  </testcase> <!-- @BeforeMethod beforemethod -->
  <testcase classname="com.bjs.testngdemo.CrossBrowserDemo" name="positivecredential" time="0.0">
    <skipped/>
  </testcase> <!-- positivecredential -->
</testsuite> <!-- Chrome -->
